/home/adarsh61/ros2_ws/src/install/my_first_pkg/lib/python3.10/site-packages/my_first_pkg/robot_controller.py
/home/adarsh61/ros2_ws/src/install/my_first_pkg/lib/python3.10/site-packages/my_first_pkg/talker.py
/home/adarsh61/ros2_ws/src/install/my_first_pkg/lib/python3.10/site-packages/my_first_pkg/listener.py
/home/adarsh61/ros2_ws/src/install/my_first_pkg/lib/python3.10/site-packages/my_first_pkg/__init__.py
/home/adarsh61/ros2_ws/src/install/my_first_pkg/lib/python3.10/site-packages/my_first_pkg/__pycache__/robot_controller.cpython-310.pyc
/home/adarsh61/ros2_ws/src/install/my_first_pkg/lib/python3.10/site-packages/my_first_pkg/__pycache__/talker.cpython-310.pyc
/home/adarsh61/ros2_ws/src/install/my_first_pkg/lib/python3.10/site-packages/my_first_pkg/__pycache__/listener.cpython-310.pyc
/home/adarsh61/ros2_ws/src/install/my_first_pkg/lib/python3.10/site-packages/my_first_pkg/__pycache__/__init__.cpython-310.pyc
/home/adarsh61/ros2_ws/src/install/my_first_pkg/share/ament_index/resource_index/packages/my_first_pkg
/home/adarsh61/ros2_ws/src/install/my_first_pkg/share/my_first_pkg/package.xml
/home/adarsh61/ros2_ws/src/install/my_first_pkg/lib/python3.10/site-packages/my_first_pkg-0.0.0-py3.10.egg-info/zip-safe
/home/adarsh61/ros2_ws/src/install/my_first_pkg/lib/python3.10/site-packages/my_first_pkg-0.0.0-py3.10.egg-info/dependency_links.txt
/home/adarsh61/ros2_ws/src/install/my_first_pkg/lib/python3.10/site-packages/my_first_pkg-0.0.0-py3.10.egg-info/PKG-INFO
/home/adarsh61/ros2_ws/src/install/my_first_pkg/lib/python3.10/site-packages/my_first_pkg-0.0.0-py3.10.egg-info/top_level.txt
/home/adarsh61/ros2_ws/src/install/my_first_pkg/lib/python3.10/site-packages/my_first_pkg-0.0.0-py3.10.egg-info/SOURCES.txt
/home/adarsh61/ros2_ws/src/install/my_first_pkg/lib/python3.10/site-packages/my_first_pkg-0.0.0-py3.10.egg-info/requires.txt
/home/adarsh61/ros2_ws/src/install/my_first_pkg/lib/python3.10/site-packages/my_first_pkg-0.0.0-py3.10.egg-info/entry_points.txt
/home/adarsh61/ros2_ws/src/install/my_first_pkg/lib/my_first_pkg/listener
/home/adarsh61/ros2_ws/src/install/my_first_pkg/lib/my_first_pkg/robot_controller
/home/adarsh61/ros2_ws/src/install/my_first_pkg/lib/my_first_pkg/talker
