/home/adarsh61/ros2_ws/src/install/my_robot_pkg/lib/python3.10/site-packages/my_robot_pkg/talker.py
/home/adarsh61/ros2_ws/src/install/my_robot_pkg/lib/python3.10/site-packages/my_robot_pkg/listener.py
/home/adarsh61/ros2_ws/src/install/my_robot_pkg/lib/python3.10/site-packages/my_robot_pkg/__init__.py
/home/adarsh61/ros2_ws/src/install/my_robot_pkg/lib/python3.10/site-packages/my_robot_pkg/my_first_node.py
/home/adarsh61/ros2_ws/src/install/my_robot_pkg/lib/python3.10/site-packages/my_robot_pkg/__pycache__/talker.cpython-310.pyc
/home/adarsh61/ros2_ws/src/install/my_robot_pkg/lib/python3.10/site-packages/my_robot_pkg/__pycache__/listener.cpython-310.pyc
/home/adarsh61/ros2_ws/src/install/my_robot_pkg/lib/python3.10/site-packages/my_robot_pkg/__pycache__/__init__.cpython-310.pyc
/home/adarsh61/ros2_ws/src/install/my_robot_pkg/lib/python3.10/site-packages/my_robot_pkg/__pycache__/my_first_node.cpython-310.pyc
/home/adarsh61/ros2_ws/src/install/my_robot_pkg/share/ament_index/resource_index/packages/my_robot_pkg
/home/adarsh61/ros2_ws/src/install/my_robot_pkg/share/my_robot_pkg/package.xml
/home/adarsh61/ros2_ws/src/install/my_robot_pkg/lib/python3.10/site-packages/my_robot_pkg-0.0.0-py3.10.egg-info/zip-safe
/home/adarsh61/ros2_ws/src/install/my_robot_pkg/lib/python3.10/site-packages/my_robot_pkg-0.0.0-py3.10.egg-info/dependency_links.txt
/home/adarsh61/ros2_ws/src/install/my_robot_pkg/lib/python3.10/site-packages/my_robot_pkg-0.0.0-py3.10.egg-info/PKG-INFO
/home/adarsh61/ros2_ws/src/install/my_robot_pkg/lib/python3.10/site-packages/my_robot_pkg-0.0.0-py3.10.egg-info/top_level.txt
/home/adarsh61/ros2_ws/src/install/my_robot_pkg/lib/python3.10/site-packages/my_robot_pkg-0.0.0-py3.10.egg-info/SOURCES.txt
/home/adarsh61/ros2_ws/src/install/my_robot_pkg/lib/python3.10/site-packages/my_robot_pkg-0.0.0-py3.10.egg-info/requires.txt
/home/adarsh61/ros2_ws/src/install/my_robot_pkg/lib/python3.10/site-packages/my_robot_pkg-0.0.0-py3.10.egg-info/entry_points.txt
/home/adarsh61/ros2_ws/src/install/my_robot_pkg/lib/my_robot_pkg/listener
/home/adarsh61/ros2_ws/src/install/my_robot_pkg/lib/my_robot_pkg/my_first_node
/home/adarsh61/ros2_ws/src/install/my_robot_pkg/lib/my_robot_pkg/talker
