[0.747s] Invoking command in '/home/adarsh61/ros2_ws/src/my_robot_pkg': PYTHONPATH=/home/adarsh61/ros2_ws/src/build/my_robot_pkg/prefix_override:/usr/lib/python3/dist-packages/colcon_core/task/python/colcon_distutils_commands:/home/adarsh61/ros2_ws/src/install/my_robot_pkg/lib/python3.10/site-packages:${PYTHONPATH} /usr/bin/python3 -W ignore:setup.py install is deprecated -W ignore:easy_install command is deprecated setup.py egg_info --egg-base ../build/my_robot_pkg build --build-base /home/adarsh61/ros2_ws/src/build/my_robot_pkg/build install --record /home/adarsh61/ros2_ws/src/build/my_robot_pkg/install.log --single-version-externally-managed install_data
[0.924s] running egg_info
[0.924s] writing ../build/my_robot_pkg/my_robot_pkg.egg-info/PKG-INFO
[0.925s] writing dependency_links to ../build/my_robot_pkg/my_robot_pkg.egg-info/dependency_links.txt
[0.925s] writing entry points to ../build/my_robot_pkg/my_robot_pkg.egg-info/entry_points.txt
[0.925s] writing requirements to ../build/my_robot_pkg/my_robot_pkg.egg-info/requires.txt
[0.925s] writing top-level names to ../build/my_robot_pkg/my_robot_pkg.egg-info/top_level.txt
[0.926s] reading manifest file '../build/my_robot_pkg/my_robot_pkg.egg-info/SOURCES.txt'
[0.928s] writing manifest file '../build/my_robot_pkg/my_robot_pkg.egg-info/SOURCES.txt'
[0.928s] running build
[0.928s] running build_py
[0.928s] copying my_robot_pkg/robot_speed_param_ex.py -> /home/adarsh61/ros2_ws/src/build/my_robot_pkg/build/lib/my_robot_pkg
[0.928s] copying my_robot_pkg/talker.py -> /home/adarsh61/ros2_ws/src/build/my_robot_pkg/build/lib/my_robot_pkg
[0.929s] copying my_robot_pkg/listener.py -> /home/adarsh61/ros2_ws/src/build/my_robot_pkg/build/lib/my_robot_pkg
[0.930s] copying my_robot_pkg/real_time_param_change_ex.py -> /home/adarsh61/ros2_ws/src/build/my_robot_pkg/build/lib/my_robot_pkg
[0.930s] copying my_robot_pkg/my_first_node.py -> /home/adarsh61/ros2_ws/src/build/my_robot_pkg/build/lib/my_robot_pkg
[0.931s] running install
[0.932s] running install_lib
[0.932s] copying /home/adarsh61/ros2_ws/src/build/my_robot_pkg/build/lib/my_robot_pkg/robot_speed_param_ex.py -> /home/adarsh61/ros2_ws/src/install/my_robot_pkg/lib/python3.10/site-packages/my_robot_pkg
[0.932s] copying /home/adarsh61/ros2_ws/src/build/my_robot_pkg/build/lib/my_robot_pkg/talker.py -> /home/adarsh61/ros2_ws/src/install/my_robot_pkg/lib/python3.10/site-packages/my_robot_pkg
[0.933s] copying /home/adarsh61/ros2_ws/src/build/my_robot_pkg/build/lib/my_robot_pkg/listener.py -> /home/adarsh61/ros2_ws/src/install/my_robot_pkg/lib/python3.10/site-packages/my_robot_pkg
[0.933s] copying /home/adarsh61/ros2_ws/src/build/my_robot_pkg/build/lib/my_robot_pkg/real_time_param_change_ex.py -> /home/adarsh61/ros2_ws/src/install/my_robot_pkg/lib/python3.10/site-packages/my_robot_pkg
[0.933s] copying /home/adarsh61/ros2_ws/src/build/my_robot_pkg/build/lib/my_robot_pkg/my_first_node.py -> /home/adarsh61/ros2_ws/src/install/my_robot_pkg/lib/python3.10/site-packages/my_robot_pkg
[0.933s] byte-compiling /home/adarsh61/ros2_ws/src/install/my_robot_pkg/lib/python3.10/site-packages/my_robot_pkg/robot_speed_param_ex.py to robot_speed_param_ex.cpython-310.pyc
[0.934s] byte-compiling /home/adarsh61/ros2_ws/src/install/my_robot_pkg/lib/python3.10/site-packages/my_robot_pkg/talker.py to talker.cpython-310.pyc
[0.934s] byte-compiling /home/adarsh61/ros2_ws/src/install/my_robot_pkg/lib/python3.10/site-packages/my_robot_pkg/listener.py to listener.cpython-310.pyc
[0.935s] byte-compiling /home/adarsh61/ros2_ws/src/install/my_robot_pkg/lib/python3.10/site-packages/my_robot_pkg/real_time_param_change_ex.py to real_time_param_change_ex.cpython-310.pyc
[0.935s] byte-compiling /home/adarsh61/ros2_ws/src/install/my_robot_pkg/lib/python3.10/site-packages/my_robot_pkg/my_first_node.py to my_first_node.cpython-310.pyc
[0.936s] running install_data
[0.936s] running install_egg_info
[0.937s] removing '/home/adarsh61/ros2_ws/src/install/my_robot_pkg/lib/python3.10/site-packages/my_robot_pkg-0.0.0-py3.10.egg-info' (and everything under it)
[0.938s] Copying ../build/my_robot_pkg/my_robot_pkg.egg-info to /home/adarsh61/ros2_ws/src/install/my_robot_pkg/lib/python3.10/site-packages/my_robot_pkg-0.0.0-py3.10.egg-info
[0.939s] running install_scripts
[0.956s] Installing listener script to /home/adarsh61/ros2_ws/src/install/my_robot_pkg/lib/my_robot_pkg
[0.956s] Installing my_first_node script to /home/adarsh61/ros2_ws/src/install/my_robot_pkg/lib/my_robot_pkg
[0.957s] Installing real_time_param_change_ex script to /home/adarsh61/ros2_ws/src/install/my_robot_pkg/lib/my_robot_pkg
[0.957s] Installing robot_speed_param_ex script to /home/adarsh61/ros2_ws/src/install/my_robot_pkg/lib/my_robot_pkg
[0.957s] Installing talker script to /home/adarsh61/ros2_ws/src/install/my_robot_pkg/lib/my_robot_pkg
[0.957s] writing list of installed files to '/home/adarsh61/ros2_ws/src/build/my_robot_pkg/install.log'
[0.974s] Invoked command in '/home/adarsh61/ros2_ws/src/my_robot_pkg' returned '0': PYTHONPATH=/home/adarsh61/ros2_ws/src/build/my_robot_pkg/prefix_override:/usr/lib/python3/dist-packages/colcon_core/task/python/colcon_distutils_commands:/home/adarsh61/ros2_ws/src/install/my_robot_pkg/lib/python3.10/site-packages:${PYTHONPATH} /usr/bin/python3 -W ignore:setup.py install is deprecated -W ignore:easy_install command is deprecated setup.py egg_info --egg-base ../build/my_robot_pkg build --build-base /home/adarsh61/ros2_ws/src/build/my_robot_pkg/build install --record /home/adarsh61/ros2_ws/src/build/my_robot_pkg/install.log --single-version-externally-managed install_data
