[0.445s] Invoking command in '/home/adarsh61/ros2_ws/src/my_robot_pkg': PYTHONPATH=/home/adarsh61/ros2_ws/src/build/my_robot_pkg/prefix_override:/usr/lib/python3/dist-packages/colcon_core/task/python/colcon_distutils_commands:/home/adarsh61/ros2_ws/src/install/my_robot_pkg/lib/python3.10/site-packages:${PYTHONPATH} /usr/bin/python3 -W ignore:setup.py install is deprecated -W ignore:easy_install command is deprecated setup.py egg_info --egg-base ../build/my_robot_pkg build --build-base /home/adarsh61/ros2_ws/src/build/my_robot_pkg/build install --record /home/adarsh61/ros2_ws/src/build/my_robot_pkg/install.log --single-version-externally-managed install_data
[0.578s] running egg_info
[0.579s] writing ../build/my_robot_pkg/my_robot_pkg.egg-info/PKG-INFO
[0.579s] writing dependency_links to ../build/my_robot_pkg/my_robot_pkg.egg-info/dependency_links.txt
[0.580s] writing entry points to ../build/my_robot_pkg/my_robot_pkg.egg-info/entry_points.txt
[0.580s] writing requirements to ../build/my_robot_pkg/my_robot_pkg.egg-info/requires.txt
[0.580s] writing top-level names to ../build/my_robot_pkg/my_robot_pkg.egg-info/top_level.txt
[0.581s] reading manifest file '../build/my_robot_pkg/my_robot_pkg.egg-info/SOURCES.txt'
[0.581s] writing manifest file '../build/my_robot_pkg/my_robot_pkg.egg-info/SOURCES.txt'
[0.581s] running build
[0.581s] running build_py
[0.581s] copying my_robot_pkg/client_ex.py -> /home/adarsh61/ros2_ws/src/build/my_robot_pkg/build/lib/my_robot_pkg
[0.582s] copying my_robot_pkg/service_ex.py -> /home/adarsh61/ros2_ws/src/build/my_robot_pkg/build/lib/my_robot_pkg
[0.582s] copying my_robot_pkg/real_time_param_change_ex.py -> /home/adarsh61/ros2_ws/src/build/my_robot_pkg/build/lib/my_robot_pkg
[0.582s] running install
[0.582s] running install_lib
[0.582s] copying /home/adarsh61/ros2_ws/src/build/my_robot_pkg/build/lib/my_robot_pkg/client_ex.py -> /home/adarsh61/ros2_ws/src/install/my_robot_pkg/lib/python3.10/site-packages/my_robot_pkg
[0.582s] copying /home/adarsh61/ros2_ws/src/build/my_robot_pkg/build/lib/my_robot_pkg/service_ex.py -> /home/adarsh61/ros2_ws/src/install/my_robot_pkg/lib/python3.10/site-packages/my_robot_pkg
[0.582s] copying /home/adarsh61/ros2_ws/src/build/my_robot_pkg/build/lib/my_robot_pkg/real_time_param_change_ex.py -> /home/adarsh61/ros2_ws/src/install/my_robot_pkg/lib/python3.10/site-packages/my_robot_pkg
[0.583s] byte-compiling /home/adarsh61/ros2_ws/src/install/my_robot_pkg/lib/python3.10/site-packages/my_robot_pkg/client_ex.py to client_ex.cpython-310.pyc
[0.583s] byte-compiling /home/adarsh61/ros2_ws/src/install/my_robot_pkg/lib/python3.10/site-packages/my_robot_pkg/service_ex.py to service_ex.cpython-310.pyc
[0.583s] byte-compiling /home/adarsh61/ros2_ws/src/install/my_robot_pkg/lib/python3.10/site-packages/my_robot_pkg/real_time_param_change_ex.py to real_time_param_change_ex.cpython-310.pyc
[0.584s] running install_data
[0.584s] running install_egg_info
[0.585s] removing '/home/adarsh61/ros2_ws/src/install/my_robot_pkg/lib/python3.10/site-packages/my_robot_pkg-0.0.0-py3.10.egg-info' (and everything under it)
[0.585s] Copying ../build/my_robot_pkg/my_robot_pkg.egg-info to /home/adarsh61/ros2_ws/src/install/my_robot_pkg/lib/python3.10/site-packages/my_robot_pkg-0.0.0-py3.10.egg-info
[0.586s] running install_scripts
[0.599s] Installing client_ex script to /home/adarsh61/ros2_ws/src/install/my_robot_pkg/lib/my_robot_pkg
[0.599s] Installing listener script to /home/adarsh61/ros2_ws/src/install/my_robot_pkg/lib/my_robot_pkg
[0.599s] Installing my_first_node script to /home/adarsh61/ros2_ws/src/install/my_robot_pkg/lib/my_robot_pkg
[0.599s] Installing real_time_param_change_ex script to /home/adarsh61/ros2_ws/src/install/my_robot_pkg/lib/my_robot_pkg
[0.599s] Installing robot_speed_param_ex script to /home/adarsh61/ros2_ws/src/install/my_robot_pkg/lib/my_robot_pkg
[0.600s] Installing service_ex script to /home/adarsh61/ros2_ws/src/install/my_robot_pkg/lib/my_robot_pkg
[0.600s] Installing talker script to /home/adarsh61/ros2_ws/src/install/my_robot_pkg/lib/my_robot_pkg
[0.600s] writing list of installed files to '/home/adarsh61/ros2_ws/src/build/my_robot_pkg/install.log'
[0.614s] Invoked command in '/home/adarsh61/ros2_ws/src/my_robot_pkg' returned '0': PYTHONPATH=/home/adarsh61/ros2_ws/src/build/my_robot_pkg/prefix_override:/usr/lib/python3/dist-packages/colcon_core/task/python/colcon_distutils_commands:/home/adarsh61/ros2_ws/src/install/my_robot_pkg/lib/python3.10/site-packages:${PYTHONPATH} /usr/bin/python3 -W ignore:setup.py install is deprecated -W ignore:easy_install command is deprecated setup.py egg_info --egg-base ../build/my_robot_pkg build --build-base /home/adarsh61/ros2_ws/src/build/my_robot_pkg/build install --record /home/adarsh61/ros2_ws/src/build/my_robot_pkg/install.log --single-version-externally-managed install_data
