[1.230s] Invoking command in '/home/adarsh61/ros2_ws/src/my_first_pkg': PYTHONPATH=/home/adarsh61/ros2_ws/src/build/my_first_pkg/prefix_override:/usr/lib/python3/dist-packages/colcon_core/task/python/colcon_distutils_commands:/home/adarsh61/ros2_ws/src/install/my_first_pkg/lib/python3.10/site-packages:${PYTHONPATH} /usr/bin/python3 -W ignore:setup.py install is deprecated -W ignore:easy_install command is deprecated setup.py egg_info --egg-base ../build/my_first_pkg build --build-base /home/adarsh61/ros2_ws/src/build/my_first_pkg/build install --record /home/adarsh61/ros2_ws/src/build/my_first_pkg/install.log --single-version-externally-managed install_data
[1.459s] running egg_info
[1.459s] creating ../build/my_first_pkg/my_first_pkg.egg-info
[1.460s] writing ../build/my_first_pkg/my_first_pkg.egg-info/PKG-INFO
[1.460s] writing dependency_links to ../build/my_first_pkg/my_first_pkg.egg-info/dependency_links.txt
[1.461s] writing entry points to ../build/my_first_pkg/my_first_pkg.egg-info/entry_points.txt
[1.461s] writing requirements to ../build/my_first_pkg/my_first_pkg.egg-info/requires.txt
[1.461s] writing top-level names to ../build/my_first_pkg/my_first_pkg.egg-info/top_level.txt
[1.461s] writing manifest file '../build/my_first_pkg/my_first_pkg.egg-info/SOURCES.txt'
[1.463s] reading manifest file '../build/my_first_pkg/my_first_pkg.egg-info/SOURCES.txt'
[1.463s] writing manifest file '../build/my_first_pkg/my_first_pkg.egg-info/SOURCES.txt'
[1.463s] running build
[1.464s] running build_py
[1.464s] creating /home/adarsh61/ros2_ws/src/build/my_first_pkg/build
[1.465s] creating /home/adarsh61/ros2_ws/src/build/my_first_pkg/build/lib
[1.465s] creating /home/adarsh61/ros2_ws/src/build/my_first_pkg/build/lib/my_first_pkg
[1.466s] copying my_first_pkg/robot_controller.py -> /home/adarsh61/ros2_ws/src/build/my_first_pkg/build/lib/my_first_pkg
[1.466s] copying my_first_pkg/talker.py -> /home/adarsh61/ros2_ws/src/build/my_first_pkg/build/lib/my_first_pkg
[1.466s] copying my_first_pkg/listener.py -> /home/adarsh61/ros2_ws/src/build/my_first_pkg/build/lib/my_first_pkg
[1.467s] copying my_first_pkg/__init__.py -> /home/adarsh61/ros2_ws/src/build/my_first_pkg/build/lib/my_first_pkg
[1.468s] running install
[1.468s] running install_lib
[1.470s] creating /home/adarsh61/ros2_ws/src/install/my_first_pkg/lib/python3.10/site-packages/my_first_pkg
[1.470s] copying /home/adarsh61/ros2_ws/src/build/my_first_pkg/build/lib/my_first_pkg/robot_controller.py -> /home/adarsh61/ros2_ws/src/install/my_first_pkg/lib/python3.10/site-packages/my_first_pkg
[1.470s] copying /home/adarsh61/ros2_ws/src/build/my_first_pkg/build/lib/my_first_pkg/talker.py -> /home/adarsh61/ros2_ws/src/install/my_first_pkg/lib/python3.10/site-packages/my_first_pkg
[1.470s] copying /home/adarsh61/ros2_ws/src/build/my_first_pkg/build/lib/my_first_pkg/listener.py -> /home/adarsh61/ros2_ws/src/install/my_first_pkg/lib/python3.10/site-packages/my_first_pkg
[1.470s] copying /home/adarsh61/ros2_ws/src/build/my_first_pkg/build/lib/my_first_pkg/__init__.py -> /home/adarsh61/ros2_ws/src/install/my_first_pkg/lib/python3.10/site-packages/my_first_pkg
[1.471s] byte-compiling /home/adarsh61/ros2_ws/src/install/my_first_pkg/lib/python3.10/site-packages/my_first_pkg/robot_controller.py to robot_controller.cpython-310.pyc
[1.472s] byte-compiling /home/adarsh61/ros2_ws/src/install/my_first_pkg/lib/python3.10/site-packages/my_first_pkg/talker.py to talker.cpython-310.pyc
[1.472s] byte-compiling /home/adarsh61/ros2_ws/src/install/my_first_pkg/lib/python3.10/site-packages/my_first_pkg/listener.py to listener.cpython-310.pyc
[1.473s] byte-compiling /home/adarsh61/ros2_ws/src/install/my_first_pkg/lib/python3.10/site-packages/my_first_pkg/__init__.py to __init__.cpython-310.pyc
[1.473s] running install_data
[1.474s] creating /home/adarsh61/ros2_ws/src/install/my_first_pkg/share/ament_index
[1.474s] creating /home/adarsh61/ros2_ws/src/install/my_first_pkg/share/ament_index/resource_index
[1.475s] creating /home/adarsh61/ros2_ws/src/install/my_first_pkg/share/ament_index/resource_index/packages
[1.475s] copying resource/my_first_pkg -> /home/adarsh61/ros2_ws/src/install/my_first_pkg/share/ament_index/resource_index/packages
[1.475s] copying package.xml -> /home/adarsh61/ros2_ws/src/install/my_first_pkg/share/my_first_pkg
[1.475s] running install_egg_info
[1.477s] Copying ../build/my_first_pkg/my_first_pkg.egg-info to /home/adarsh61/ros2_ws/src/install/my_first_pkg/lib/python3.10/site-packages/my_first_pkg-0.0.0-py3.10.egg-info
[1.478s] running install_scripts
[1.504s] Installing listener script to /home/adarsh61/ros2_ws/src/install/my_first_pkg/lib/my_first_pkg
[1.505s] Installing robot_controller script to /home/adarsh61/ros2_ws/src/install/my_first_pkg/lib/my_first_pkg
[1.505s] Installing talker script to /home/adarsh61/ros2_ws/src/install/my_first_pkg/lib/my_first_pkg
[1.506s] writing list of installed files to '/home/adarsh61/ros2_ws/src/build/my_first_pkg/install.log'
[1.541s] Invoked command in '/home/adarsh61/ros2_ws/src/my_first_pkg' returned '0': PYTHONPATH=/home/adarsh61/ros2_ws/src/build/my_first_pkg/prefix_override:/usr/lib/python3/dist-packages/colcon_core/task/python/colcon_distutils_commands:/home/adarsh61/ros2_ws/src/install/my_first_pkg/lib/python3.10/site-packages:${PYTHONPATH} /usr/bin/python3 -W ignore:setup.py install is deprecated -W ignore:easy_install command is deprecated setup.py egg_info --egg-base ../build/my_first_pkg build --build-base /home/adarsh61/ros2_ws/src/build/my_first_pkg/build install --record /home/adarsh61/ros2_ws/src/build/my_first_pkg/install.log --single-version-externally-managed install_data
