[0.889s] Invoking command in '/home/adarsh61/ros2_ws/src/my_robot_pkg': PYTHONPATH=/home/adarsh61/ros2_ws/src/build/my_robot_pkg/prefix_override:/usr/lib/python3/dist-packages/colcon_core/task/python/colcon_distutils_commands:/home/adarsh61/ros2_ws/src/install/my_robot_pkg/lib/python3.10/site-packages:${PYTHONPATH} /usr/bin/python3 -W ignore:setup.py install is deprecated -W ignore:easy_install command is deprecated setup.py egg_info --egg-base ../build/my_robot_pkg build --build-base /home/adarsh61/ros2_ws/src/build/my_robot_pkg/build install --record /home/adarsh61/ros2_ws/src/build/my_robot_pkg/install.log --single-version-externally-managed install_data
[1.069s] running egg_info
[1.070s] writing ../build/my_robot_pkg/my_robot_pkg.egg-info/PKG-INFO
[1.070s] writing dependency_links to ../build/my_robot_pkg/my_robot_pkg.egg-info/dependency_links.txt
[1.070s] writing entry points to ../build/my_robot_pkg/my_robot_pkg.egg-info/entry_points.txt
[1.071s] writing requirements to ../build/my_robot_pkg/my_robot_pkg.egg-info/requires.txt
[1.071s] writing top-level names to ../build/my_robot_pkg/my_robot_pkg.egg-info/top_level.txt
[1.072s] reading manifest file '../build/my_robot_pkg/my_robot_pkg.egg-info/SOURCES.txt'
[1.073s] writing manifest file '../build/my_robot_pkg/my_robot_pkg.egg-info/SOURCES.txt'
[1.073s] running build
[1.073s] running build_py
[1.073s] copying my_robot_pkg/real_time_param_change_ex.py -> /home/adarsh61/ros2_ws/src/build/my_robot_pkg/build/lib/my_robot_pkg
[1.074s] running install
[1.074s] running install_lib
[1.075s] copying /home/adarsh61/ros2_ws/src/build/my_robot_pkg/build/lib/my_robot_pkg/real_time_param_change_ex.py -> /home/adarsh61/ros2_ws/src/install/my_robot_pkg/lib/python3.10/site-packages/my_robot_pkg
[1.075s] byte-compiling /home/adarsh61/ros2_ws/src/install/my_robot_pkg/lib/python3.10/site-packages/my_robot_pkg/real_time_param_change_ex.py to real_time_param_change_ex.cpython-310.pyc
[1.076s] running install_data
[1.076s] running install_egg_info
[1.077s] removing '/home/adarsh61/ros2_ws/src/install/my_robot_pkg/lib/python3.10/site-packages/my_robot_pkg-0.0.0-py3.10.egg-info' (and everything under it)
[1.078s] Copying ../build/my_robot_pkg/my_robot_pkg.egg-info to /home/adarsh61/ros2_ws/src/install/my_robot_pkg/lib/python3.10/site-packages/my_robot_pkg-0.0.0-py3.10.egg-info
[1.078s] running install_scripts
[1.095s] Installing listener script to /home/adarsh61/ros2_ws/src/install/my_robot_pkg/lib/my_robot_pkg
[1.095s] Installing my_first_node script to /home/adarsh61/ros2_ws/src/install/my_robot_pkg/lib/my_robot_pkg
[1.096s] Installing real_time_param_change_ex script to /home/adarsh61/ros2_ws/src/install/my_robot_pkg/lib/my_robot_pkg
[1.096s] Installing robot_speed_param_ex script to /home/adarsh61/ros2_ws/src/install/my_robot_pkg/lib/my_robot_pkg
[1.096s] Installing talker script to /home/adarsh61/ros2_ws/src/install/my_robot_pkg/lib/my_robot_pkg
[1.096s] writing list of installed files to '/home/adarsh61/ros2_ws/src/build/my_robot_pkg/install.log'
[1.112s] Invoked command in '/home/adarsh61/ros2_ws/src/my_robot_pkg' returned '0': PYTHONPATH=/home/adarsh61/ros2_ws/src/build/my_robot_pkg/prefix_override:/usr/lib/python3/dist-packages/colcon_core/task/python/colcon_distutils_commands:/home/adarsh61/ros2_ws/src/install/my_robot_pkg/lib/python3.10/site-packages:${PYTHONPATH} /usr/bin/python3 -W ignore:setup.py install is deprecated -W ignore:easy_install command is deprecated setup.py egg_info --egg-base ../build/my_robot_pkg build --build-base /home/adarsh61/ros2_ws/src/build/my_robot_pkg/build install --record /home/adarsh61/ros2_ws/src/build/my_robot_pkg/install.log --single-version-externally-managed install_data
