[1.207s] Invoking command in '/home/adarsh61/ros2_ws/src/my_robot_pkg': PYTHONPATH=/home/adarsh61/ros2_ws/src/build/my_robot_pkg/prefix_override:/usr/lib/python3/dist-packages/colcon_core/task/python/colcon_distutils_commands:/home/adarsh61/ros2_ws/src/install/my_robot_pkg/lib/python3.10/site-packages:${PYTHONPATH} /usr/bin/python3 -W ignore:setup.py install is deprecated -W ignore:easy_install command is deprecated setup.py egg_info --egg-base ../build/my_robot_pkg build --build-base /home/adarsh61/ros2_ws/src/build/my_robot_pkg/build install --record /home/adarsh61/ros2_ws/src/build/my_robot_pkg/install.log --single-version-externally-managed install_data
[1.422s] running egg_info
[1.422s] creating ../build/my_robot_pkg/my_robot_pkg.egg-info
[1.423s] writing ../build/my_robot_pkg/my_robot_pkg.egg-info/PKG-INFO
[1.423s] writing dependency_links to ../build/my_robot_pkg/my_robot_pkg.egg-info/dependency_links.txt
[1.423s] writing entry points to ../build/my_robot_pkg/my_robot_pkg.egg-info/entry_points.txt
[1.423s] writing requirements to ../build/my_robot_pkg/my_robot_pkg.egg-info/requires.txt
[1.423s] writing top-level names to ../build/my_robot_pkg/my_robot_pkg.egg-info/top_level.txt
[1.424s] writing manifest file '../build/my_robot_pkg/my_robot_pkg.egg-info/SOURCES.txt'
[1.425s] reading manifest file '../build/my_robot_pkg/my_robot_pkg.egg-info/SOURCES.txt'
[1.425s] writing manifest file '../build/my_robot_pkg/my_robot_pkg.egg-info/SOURCES.txt'
[1.426s] running build
[1.426s] running build_py
[1.426s] creating /home/adarsh61/ros2_ws/src/build/my_robot_pkg/build
[1.427s] creating /home/adarsh61/ros2_ws/src/build/my_robot_pkg/build/lib
[1.427s] creating /home/adarsh61/ros2_ws/src/build/my_robot_pkg/build/lib/my_robot_pkg
[1.428s] copying my_robot_pkg/talker.py -> /home/adarsh61/ros2_ws/src/build/my_robot_pkg/build/lib/my_robot_pkg
[1.428s] copying my_robot_pkg/listener.py -> /home/adarsh61/ros2_ws/src/build/my_robot_pkg/build/lib/my_robot_pkg
[1.429s] copying my_robot_pkg/__init__.py -> /home/adarsh61/ros2_ws/src/build/my_robot_pkg/build/lib/my_robot_pkg
[1.429s] copying my_robot_pkg/my_first_node.py -> /home/adarsh61/ros2_ws/src/build/my_robot_pkg/build/lib/my_robot_pkg
[1.429s] running install
[1.430s] running install_lib
[1.431s] creating /home/adarsh61/ros2_ws/src/install/my_robot_pkg/lib/python3.10/site-packages/my_robot_pkg
[1.431s] copying /home/adarsh61/ros2_ws/src/build/my_robot_pkg/build/lib/my_robot_pkg/talker.py -> /home/adarsh61/ros2_ws/src/install/my_robot_pkg/lib/python3.10/site-packages/my_robot_pkg
[1.431s] copying /home/adarsh61/ros2_ws/src/build/my_robot_pkg/build/lib/my_robot_pkg/listener.py -> /home/adarsh61/ros2_ws/src/install/my_robot_pkg/lib/python3.10/site-packages/my_robot_pkg
[1.432s] copying /home/adarsh61/ros2_ws/src/build/my_robot_pkg/build/lib/my_robot_pkg/__init__.py -> /home/adarsh61/ros2_ws/src/install/my_robot_pkg/lib/python3.10/site-packages/my_robot_pkg
[1.432s] copying /home/adarsh61/ros2_ws/src/build/my_robot_pkg/build/lib/my_robot_pkg/my_first_node.py -> /home/adarsh61/ros2_ws/src/install/my_robot_pkg/lib/python3.10/site-packages/my_robot_pkg
[1.433s] byte-compiling /home/adarsh61/ros2_ws/src/install/my_robot_pkg/lib/python3.10/site-packages/my_robot_pkg/talker.py to talker.cpython-310.pyc
[1.433s] byte-compiling /home/adarsh61/ros2_ws/src/install/my_robot_pkg/lib/python3.10/site-packages/my_robot_pkg/listener.py to listener.cpython-310.pyc
[1.434s] byte-compiling /home/adarsh61/ros2_ws/src/install/my_robot_pkg/lib/python3.10/site-packages/my_robot_pkg/__init__.py to __init__.cpython-310.pyc
[1.434s] byte-compiling /home/adarsh61/ros2_ws/src/install/my_robot_pkg/lib/python3.10/site-packages/my_robot_pkg/my_first_node.py to my_first_node.cpython-310.pyc
[1.434s] running install_data
[1.434s] creating /home/adarsh61/ros2_ws/src/install/my_robot_pkg/share/ament_index
[1.435s] creating /home/adarsh61/ros2_ws/src/install/my_robot_pkg/share/ament_index/resource_index
[1.435s] creating /home/adarsh61/ros2_ws/src/install/my_robot_pkg/share/ament_index/resource_index/packages
[1.435s] copying resource/my_robot_pkg -> /home/adarsh61/ros2_ws/src/install/my_robot_pkg/share/ament_index/resource_index/packages
[1.436s] copying package.xml -> /home/adarsh61/ros2_ws/src/install/my_robot_pkg/share/my_robot_pkg
[1.436s] running install_egg_info
[1.438s] Copying ../build/my_robot_pkg/my_robot_pkg.egg-info to /home/adarsh61/ros2_ws/src/install/my_robot_pkg/lib/python3.10/site-packages/my_robot_pkg-0.0.0-py3.10.egg-info
[1.440s] running install_scripts
[1.464s] Installing listener script to /home/adarsh61/ros2_ws/src/install/my_robot_pkg/lib/my_robot_pkg
[1.465s] Installing my_first_node script to /home/adarsh61/ros2_ws/src/install/my_robot_pkg/lib/my_robot_pkg
[1.465s] Installing talker script to /home/adarsh61/ros2_ws/src/install/my_robot_pkg/lib/my_robot_pkg
[1.465s] writing list of installed files to '/home/adarsh61/ros2_ws/src/build/my_robot_pkg/install.log'
[1.487s] Invoked command in '/home/adarsh61/ros2_ws/src/my_robot_pkg' returned '0': PYTHONPATH=/home/adarsh61/ros2_ws/src/build/my_robot_pkg/prefix_override:/usr/lib/python3/dist-packages/colcon_core/task/python/colcon_distutils_commands:/home/adarsh61/ros2_ws/src/install/my_robot_pkg/lib/python3.10/site-packages:${PYTHONPATH} /usr/bin/python3 -W ignore:setup.py install is deprecated -W ignore:easy_install command is deprecated setup.py egg_info --egg-base ../build/my_robot_pkg build --build-base /home/adarsh61/ros2_ws/src/build/my_robot_pkg/build install --record /home/adarsh61/ros2_ws/src/build/my_robot_pkg/install.log --single-version-externally-managed install_data
