[0.349s] Invoking command in '/home/adarsh61/ros2_ws/src/my_robot_pkg': PYTHONPATH=/home/adarsh61/ros2_ws/src/build/my_robot_pkg/prefix_override:/usr/lib/python3/dist-packages/colcon_core/task/python/colcon_distutils_commands:/home/adarsh61/ros2_ws/src/install/my_robot_pkg/lib/python3.10/site-packages:${PYTHONPATH} /usr/bin/python3 -W ignore:setup.py install is deprecated -W ignore:easy_install command is deprecated setup.py egg_info --egg-base ../build/my_robot_pkg build --build-base /home/adarsh61/ros2_ws/src/build/my_robot_pkg/build install --record /home/adarsh61/ros2_ws/src/build/my_robot_pkg/install.log --single-version-externally-managed install_data
[0.492s] running egg_info
[0.493s] writing ../build/my_robot_pkg/my_robot_pkg.egg-info/PKG-INFO
[0.493s] writing dependency_links to ../build/my_robot_pkg/my_robot_pkg.egg-info/dependency_links.txt
[0.493s] writing entry points to ../build/my_robot_pkg/my_robot_pkg.egg-info/entry_points.txt
[0.493s] writing requirements to ../build/my_robot_pkg/my_robot_pkg.egg-info/requires.txt
[0.493s] writing top-level names to ../build/my_robot_pkg/my_robot_pkg.egg-info/top_level.txt
[0.494s] reading manifest file '../build/my_robot_pkg/my_robot_pkg.egg-info/SOURCES.txt'
[0.494s] writing manifest file '../build/my_robot_pkg/my_robot_pkg.egg-info/SOURCES.txt'
[0.495s] running build
[0.495s] running build_py
[0.495s] copying my_robot_pkg/client_ex.py -> /home/adarsh61/ros2_ws/src/build/my_robot_pkg/build/lib/my_robot_pkg
[0.495s] running install
[0.495s] running install_lib
[0.496s] copying /home/adarsh61/ros2_ws/src/build/my_robot_pkg/build/lib/my_robot_pkg/client_ex.py -> /home/adarsh61/ros2_ws/src/install/my_robot_pkg/lib/python3.10/site-packages/my_robot_pkg
[0.496s] byte-compiling /home/adarsh61/ros2_ws/src/install/my_robot_pkg/lib/python3.10/site-packages/my_robot_pkg/client_ex.py to client_ex.cpython-310.pyc
[0.496s] running install_data
[0.497s] running install_egg_info
[0.498s] removing '/home/adarsh61/ros2_ws/src/install/my_robot_pkg/lib/python3.10/site-packages/my_robot_pkg-0.0.0-py3.10.egg-info' (and everything under it)
[0.498s] Copying ../build/my_robot_pkg/my_robot_pkg.egg-info to /home/adarsh61/ros2_ws/src/install/my_robot_pkg/lib/python3.10/site-packages/my_robot_pkg-0.0.0-py3.10.egg-info
[0.498s] running install_scripts
[0.510s] Installing client_ex script to /home/adarsh61/ros2_ws/src/install/my_robot_pkg/lib/my_robot_pkg
[0.511s] Installing listener script to /home/adarsh61/ros2_ws/src/install/my_robot_pkg/lib/my_robot_pkg
[0.511s] Installing my_first_node script to /home/adarsh61/ros2_ws/src/install/my_robot_pkg/lib/my_robot_pkg
[0.511s] Installing real_time_param_change_ex script to /home/adarsh61/ros2_ws/src/install/my_robot_pkg/lib/my_robot_pkg
[0.511s] Installing robot_speed_param_ex script to /home/adarsh61/ros2_ws/src/install/my_robot_pkg/lib/my_robot_pkg
[0.511s] Installing service_ex script to /home/adarsh61/ros2_ws/src/install/my_robot_pkg/lib/my_robot_pkg
[0.511s] Installing talker script to /home/adarsh61/ros2_ws/src/install/my_robot_pkg/lib/my_robot_pkg
[0.511s] writing list of installed files to '/home/adarsh61/ros2_ws/src/build/my_robot_pkg/install.log'
[0.528s] Invoked command in '/home/adarsh61/ros2_ws/src/my_robot_pkg' returned '0': PYTHONPATH=/home/adarsh61/ros2_ws/src/build/my_robot_pkg/prefix_override:/usr/lib/python3/dist-packages/colcon_core/task/python/colcon_distutils_commands:/home/adarsh61/ros2_ws/src/install/my_robot_pkg/lib/python3.10/site-packages:${PYTHONPATH} /usr/bin/python3 -W ignore:setup.py install is deprecated -W ignore:easy_install command is deprecated setup.py egg_info --egg-base ../build/my_robot_pkg build --build-base /home/adarsh61/ros2_ws/src/build/my_robot_pkg/build install --record /home/adarsh61/ros2_ws/src/build/my_robot_pkg/install.log --single-version-externally-managed install_data
