[1.199s] Invoking command in '/home/adarsh61/ros2_ws/src/my_turtle_pkg': PYTHONPATH=/home/adarsh61/ros2_ws/src/build/my_turtle_pkg/prefix_override:/usr/lib/python3/dist-packages/colcon_core/task/python/colcon_distutils_commands:/home/adarsh61/ros2_ws/src/install/my_turtle_pkg/lib/python3.10/site-packages:${PYTHONPATH} /usr/bin/python3 -W ignore:setup.py install is deprecated -W ignore:easy_install command is deprecated setup.py egg_info --egg-base ../build/my_turtle_pkg build --build-base /home/adarsh61/ros2_ws/src/build/my_turtle_pkg/build install --record /home/adarsh61/ros2_ws/src/build/my_turtle_pkg/install.log --single-version-externally-managed install_data
[1.428s] running egg_info
[1.429s] creating ../build/my_turtle_pkg/my_turtle_pkg.egg-info
[1.429s] writing ../build/my_turtle_pkg/my_turtle_pkg.egg-info/PKG-INFO
[1.429s] writing dependency_links to ../build/my_turtle_pkg/my_turtle_pkg.egg-info/dependency_links.txt
[1.430s] writing entry points to ../build/my_turtle_pkg/my_turtle_pkg.egg-info/entry_points.txt
[1.430s] writing requirements to ../build/my_turtle_pkg/my_turtle_pkg.egg-info/requires.txt
[1.430s] writing top-level names to ../build/my_turtle_pkg/my_turtle_pkg.egg-info/top_level.txt
[1.430s] writing manifest file '../build/my_turtle_pkg/my_turtle_pkg.egg-info/SOURCES.txt'
[1.432s] reading manifest file '../build/my_turtle_pkg/my_turtle_pkg.egg-info/SOURCES.txt'
[1.433s] writing manifest file '../build/my_turtle_pkg/my_turtle_pkg.egg-info/SOURCES.txt'
[1.433s] running build
[1.434s] running build_py
[1.434s] creating /home/adarsh61/ros2_ws/src/build/my_turtle_pkg/build
[1.435s] creating /home/adarsh61/ros2_ws/src/build/my_turtle_pkg/build/lib
[1.435s] creating /home/adarsh61/ros2_ws/src/build/my_turtle_pkg/build/lib/my_turtle_pkg
[1.435s] copying my_turtle_pkg/__init__.py -> /home/adarsh61/ros2_ws/src/build/my_turtle_pkg/build/lib/my_turtle_pkg
[1.435s] running install
[1.435s] running install_lib
[1.435s] creating /home/adarsh61/ros2_ws/src/install/my_turtle_pkg/lib/python3.10/site-packages/my_turtle_pkg
[1.436s] copying /home/adarsh61/ros2_ws/src/build/my_turtle_pkg/build/lib/my_turtle_pkg/__init__.py -> /home/adarsh61/ros2_ws/src/install/my_turtle_pkg/lib/python3.10/site-packages/my_turtle_pkg
[1.437s] byte-compiling /home/adarsh61/ros2_ws/src/install/my_turtle_pkg/lib/python3.10/site-packages/my_turtle_pkg/__init__.py to __init__.cpython-310.pyc
[1.438s] running install_data
[1.438s] creating /home/adarsh61/ros2_ws/src/install/my_turtle_pkg/share/ament_index
[1.438s] creating /home/adarsh61/ros2_ws/src/install/my_turtle_pkg/share/ament_index/resource_index
[1.438s] creating /home/adarsh61/ros2_ws/src/install/my_turtle_pkg/share/ament_index/resource_index/packages
[1.439s] copying resource/my_turtle_pkg -> /home/adarsh61/ros2_ws/src/install/my_turtle_pkg/share/ament_index/resource_index/packages
[1.439s] copying package.xml -> /home/adarsh61/ros2_ws/src/install/my_turtle_pkg/share/my_turtle_pkg
[1.439s] running install_egg_info
[1.441s] Copying ../build/my_turtle_pkg/my_turtle_pkg.egg-info to /home/adarsh61/ros2_ws/src/install/my_turtle_pkg/lib/python3.10/site-packages/my_turtle_pkg-0.0.0-py3.10.egg-info
[1.443s] running install_scripts
[1.468s] Installing listener script to /home/adarsh61/ros2_ws/src/install/my_turtle_pkg/lib/my_turtle_pkg
[1.468s] Installing robot_controller script to /home/adarsh61/ros2_ws/src/install/my_turtle_pkg/lib/my_turtle_pkg
[1.469s] Installing talker script to /home/adarsh61/ros2_ws/src/install/my_turtle_pkg/lib/my_turtle_pkg
[1.469s] writing list of installed files to '/home/adarsh61/ros2_ws/src/build/my_turtle_pkg/install.log'
[1.503s] Invoked command in '/home/adarsh61/ros2_ws/src/my_turtle_pkg' returned '0': PYTHONPATH=/home/adarsh61/ros2_ws/src/build/my_turtle_pkg/prefix_override:/usr/lib/python3/dist-packages/colcon_core/task/python/colcon_distutils_commands:/home/adarsh61/ros2_ws/src/install/my_turtle_pkg/lib/python3.10/site-packages:${PYTHONPATH} /usr/bin/python3 -W ignore:setup.py install is deprecated -W ignore:easy_install command is deprecated setup.py egg_info --egg-base ../build/my_turtle_pkg build --build-base /home/adarsh61/ros2_ws/src/build/my_turtle_pkg/build install --record /home/adarsh61/ros2_ws/src/build/my_turtle_pkg/install.log --single-version-externally-managed install_data
